<?xml version="1.0" encoding="UTF-8"?>
<!-- Generated by org.testng.reporters.JUnitReportReporter -->
<testsuite skipped="0" hostname="DESKTOP-OL636DF" name="com.training.sanity.tests.ELTC_035" tests="1" failures="0" timestamp="2019-10-07T18:25:50 IST" time="40.550" errors="0">
  <testcase name="ELTC035_ak" time="40.550" classname="com.training.sanity.tests.ELTC_035"/>
</testsuite> <!-- com.training.sanity.tests.ELTC_035 -->
