<?xml version="1.0" encoding="UTF-8"?>
<!-- Generated by org.testng.reporters.JUnitReportReporter -->
<testsuite skipped="0" hostname="DESKTOP-OL636DF" name="com.training.sanity.tests.ELTC_005" tests="1" failures="0" timestamp="2019-10-10T00:09:48 IST" time="14.833" errors="0">
  <testcase name="ELTC004_ak" time="14.833" classname="com.training.sanity.tests.ELTC_005"/>
</testsuite> <!-- com.training.sanity.tests.ELTC_005 -->
