<?xml version="1.0" encoding="UTF-8"?>
<!-- Generated by org.testng.reporters.JUnitReportReporter -->
<testsuite skipped="0" hostname="DESKTOP-OL636DF" name="com.training.sanity.tests.LoginTests" tests="1" failures="0" timestamp="2019-10-15T22:41:55 IST" time="41.842" errors="0">
  <testcase name="validLoginTest" time="41.842" classname="com.training.sanity.tests.LoginTests"/>
</testsuite> <!-- com.training.sanity.tests.LoginTests -->
