<?xml version="1.0" encoding="UTF-8"?>
<!-- Generated by org.testng.reporters.JUnitReportReporter -->
<testsuite skipped="0" hostname="DESKTOP-OL636DF" name="com.training.sanity.tests.ELTC_064" tests="3" failures="0" timestamp="2019-10-16T17:55:09 IST" time="122.377" errors="0">
  <testcase name="ELTC064_ak_teacherLogin" time="80.764" classname="com.training.sanity.tests.ELTC_064"/>
  <testcase name="GELTC064_ak_adminLogin" time="23.600" classname="com.training.sanity.tests.ELTC_064"/>
  <testcase name="FELTC064_ak_studentLogin" time="18.013" classname="com.training.sanity.tests.ELTC_064"/>
</testsuite> <!-- com.training.sanity.tests.ELTC_064 -->
