<?xml version="1.0" encoding="UTF-8"?>
<!-- Generated by org.testng.reporters.JUnitReportReporter -->
<testsuite skipped="0" hostname="DESKTOP-OL636DF" name="com.training.sanity.tests.ELTC_065" tests="1" failures="0" timestamp="2019-10-16T16:41:40 IST" time="51.399" errors="0">
  <testcase name="ELTC064_ak" time="51.399" classname="com.training.sanity.tests.ELTC_065"/>
</testsuite> <!-- com.training.sanity.tests.ELTC_065 -->
