<?xml version="1.0" encoding="UTF-8"?>
<!-- Generated by org.testng.reporters.JUnitReportReporter -->
<testsuite skipped="0" hostname="DESKTOP-OL636DF" name="com.training.sanity.tests.ELTC_034" tests="1" failures="0" timestamp="2019-10-08T23:38:15 IST" time="66.547" errors="0">
  <testcase name="ELTC034_ak" time="66.547" classname="com.training.sanity.tests.ELTC_034"/>
</testsuite> <!-- com.training.sanity.tests.ELTC_034 -->
